<?xml version="1.0" encoding="UTF-8"?>
<testsuite name="com.example.project.TestUser" tests="2" skipped="0" failures="0" errors="0" timestamp="2025-01-27T08:47:47" hostname="codespaces-9adfd1" time="0.048">
  <properties/>
  <testcase name="testUserConstructor()" classname="com.example.project.TestUser" time="0.025"/>
  <testcase name="testUserInfo()" classname="com.example.project.TestUser" time="0.016"/>
  <system-out><![CDATA[]]></system-out>
  <system-err><![CDATA[]]></system-err>
</testsuite>
